2025-11-15 14:12:37,718 - __main__ - INFO - Scheduled load event: Kettle at 3600s (+2500W for 600s)
2025-11-15 14:12:37,718 - __main__ - INFO - Scheduled load event: Oven at 9000s (+3000W for 300s)
2025-11-15 14:12:37,718 - __main__ - INFO - Scheduled load event: Washing machine at 14400s (+2000W for 900s)
2025-11-15 14:12:37,718 - __main__ - INFO - Zero export mode enabled - no grid export allowed
2025-11-15 14:12:37,718 - __main__ - INFO - Sensor delay: 60s (simulates HA sensor response time)
2025-11-15 14:12:37,723 - app.charger_controller - INFO - ChargerController initialized: Simulated EVSE
2025-11-15 14:12:37,723 - app.charger_controller - INFO - Allowed currents: [6, 8, 10, 13, 16, 20, 24]A
2025-11-15 14:12:37,723 - app.charger_controller - INFO - Step delay: 10s
2025-11-15 14:12:37,723 - BatteryCalculator - INFO - Using battery method: SOC=sensor.ss_battery_soc, Power=sensor.ss_battery_power
2025-11-15 14:12:37,723 - BatteryCalculator - INFO - High SOC threshold: 95%, Priority: 80%
2025-11-15 14:12:37,723 - BatteryCalculator - INFO - Grid sensor available for enhanced detection: sensor.ss_grid_ct_power
2025-11-15 14:12:37,723 - app.power_calculator - INFO - Power method: battery
2025-11-15 14:12:37,723 - app.power_calculator - INFO - Hysteresis: 500W
2025-11-15 14:12:37,723 - app.session_manager - INFO - SessionManager initialized. 0 historical sessions loaded.
2025-11-15 14:12:37,723 - app.main - INFO - ============================================================
2025-11-15 14:12:37,723 - app.main - INFO - EVSE Manager initialized successfully
2025-11-15 14:12:37,723 - app.main - INFO - Mode: auto
2025-11-15 14:12:37,723 - app.main - INFO - Power method: battery
2025-11-15 14:12:37,723 - app.main - INFO - Update interval: 5s
2025-11-15 14:12:37,723 - app.main - INFO - ============================================================
2025-11-15 14:12:37,723 - __main__ - INFO - Starting simulation: Standard Test
2025-11-15 14:12:37,723 - __main__ - INFO - Description: Repeatable benchmark: semi-cloudy day with power spikes
2025-11-15 14:12:37,723 - __main__ - INFO - Duration: 6 hours
2025-11-15 14:12:37,723 - BatteryCalculator - INFO - Battery discharge -0.0W below target at SOC 96.0% - probing: 2500.0W available (includes 1000W probing margin)
2025-11-15 14:12:37,723 - app.main - INFO - Starting charging session
2025-11-15 14:12:37,723 - app.charger_controller - INFO - Turning charger ON
2025-11-15 14:12:39,728 - app.session_manager - INFO - Charging session started: 20251115_141239 (mode: auto)
2025-11-15 14:12:39,729 - app.charger_controller - INFO - Adjusting current: 0A → 6A (target: 6A)
2025-11-15 14:12:39,729 - BatteryCalculator - INFO - Battery discharge -0.0W below target at SOC 96.0% - probing: 2500.0W available (includes 1000W probing margin)
2025-11-15 14:12:39,729 - BatteryCalculator - INFO - Battery discharge -0.0W below target at SOC 96.0% - probing: 2500.0W available (includes 1000W probing margin)
2025-11-15 14:12:39,729 - BatteryCalculator - INFO - Battery discharge -0.0W below target at SOC 96.0% - probing: 2500.0W available (includes 1000W probing margin)
2025-11-15 14:12:39,729 - app.main - INFO - Auto mode: current=6.0A, target=10.869565217391305A
2025-11-15 14:12:39,729 - BatteryCalculator - INFO - Battery discharge -0.0W below target at SOC 96.0% - probing: 2500.0W available (includes 1000W probing margin)
2025-11-15 14:12:39,729 - BatteryCalculator - INFO - Battery discharge -0.0W below target at SOC 96.0% - probing: 2500.0W available (includes 1000W probing margin)
2025-11-15 14:12:39,729 - BatteryCalculator - INFO - Battery discharge -0.0W below target at SOC 96.0% - probing: 2500.0W available (includes 1000W probing margin)
2025-11-15 14:12:39,729 - BatteryCalculator - INFO - Battery discharge -0.0W below target at SOC 96.0% - probing: 2500.0W available (includes 1000W probing margin)
2025-11-15 14:12:39,729 - app.main - INFO - Auto mode: current=6.0A, target=10.869565217391305A
2025-11-15 14:12:39,729 - BatteryCalculator - INFO - Battery discharge -0.0W below target at SOC 96.0% - probing: 2500.0W available (includes 1000W probing margin)
2025-11-15 14:12:39,729 - BatteryCalculator - INFO - Battery discharge -0.0W below target at SOC 96.0% - probing: 2500.0W available (includes 1000W probing margin)
2025-11-15 14:12:39,729 - BatteryCalculator - INFO - Battery discharge -0.0W below target at SOC 96.0% - probing: 2500.0W available (includes 1000W probing margin)
2025-11-15 14:12:39,729 - BatteryCalculator - INFO - Battery discharge -0.0W below target at SOC 96.0% - probing: 2500.0W available (includes 1000W probing margin)
2025-11-15 14:12:39,729 - app.main - INFO - Auto mode: current=6.0A, target=10.869565217391305A
2025-11-15 14:12:39,729 - BatteryCalculator - INFO - Battery discharge -0.0W below target at SOC 96.0% - probing: 2500.0W available (includes 1000W probing margin)
2025-11-15 14:12:39,729 - BatteryCalculator - INFO - Battery discharge -0.0W below target at SOC 96.0% - probing: 2500.0W available (includes 1000W probing margin)
2025-11-15 14:12:39,730 - BatteryCalculator - INFO - Battery discharge -0.0W below target at SOC 96.0% - probing: 2500.0W available (includes 1000W probing margin)
2025-11-15 14:12:39,730 - BatteryCalculator - INFO - Battery discharge -0.0W below target at SOC 96.0% - probing: 2500.0W available (includes 1000W probing margin)
2025-11-15 14:12:39,730 - app.main - INFO - Auto mode: current=6.0A, target=10.869565217391305A
2025-11-15 14:12:39,730 - BatteryCalculator - INFO - Battery discharge -0.0W below target at SOC 96.0% - probing: 2500.0W available (includes 1000W probing margin)
2025-11-15 14:12:39,730 - BatteryCalculator - INFO - Battery discharge -0.0W below target at SOC 96.0% - probing: 2500.0W available (includes 1000W probing margin)
2025-11-15 14:12:39,730 - BatteryCalculator - INFO - Battery discharge -0.0W below target at SOC 96.0% - probing: 2500.0W available (includes 1000W probing margin)
2025-11-15 14:12:39,730 - BatteryCalculator - INFO - Battery discharge -0.0W below target at SOC 96.0% - probing: 2500.0W available (includes 1000W probing margin)
2025-11-15 14:12:39,730 - app.main - INFO - Auto mode: current=6.0A, target=10.869565217391305A
2025-11-15 14:12:39,730 - BatteryCalculator - INFO - Battery discharge -0.0W below target at SOC 96.0% - probing: 2500.0W available (includes 1000W probing margin)
2025-11-15 14:12:39,730 - BatteryCalculator - INFO - Battery discharge -0.0W below target at SOC 96.0% - probing: 2500.0W available (includes 1000W probing margin)
2025-11-15 14:12:39,730 - BatteryCalculator - INFO - Battery discharge -0.0W below target at SOC 96.0% - probing: 2500.0W available (includes 1000W probing margin)
2025-11-15 14:12:39,730 - BatteryCalculator - INFO - Battery discharge -0.0W below target at SOC 96.0% - probing: 2500.0W available (includes 1000W probing margin)
2025-11-15 14:12:39,730 - app.main - INFO - Auto mode: current=6.0A, target=10.869565217391305A
2025-11-15 14:12:39,730 - BatteryCalculator - INFO - Battery discharge -0.0W below target at SOC 96.0% - probing: 2500.0W available (includes 1000W probing margin)
2025-11-15 14:12:39,730 - BatteryCalculator - INFO - Battery discharge -0.0W below target at SOC 96.0% - probing: 2500.0W available (includes 1000W probing margin)
2025-11-15 14:12:39,730 - BatteryCalculator - INFO - Battery discharge -0.0W below target at SOC 96.0% - probing: 2500.0W available (includes 1000W probing margin)
2025-11-15 14:12:39,730 - BatteryCalculator - INFO - Battery discharge -0.0W below target at SOC 96.0% - probing: 2500.0W available (includes 1000W probing margin)
2025-11-15 14:12:39,730 - app.main - INFO - Auto mode: current=6.0A, target=10.869565217391305A
2025-11-15 14:12:39,730 - BatteryCalculator - INFO - Battery discharge -0.0W below target at SOC 96.0% - probing: 2500.0W available (includes 1000W probing margin)
2025-11-15 14:12:39,730 - BatteryCalculator - INFO - Battery discharge -0.0W below target at SOC 96.0% - probing: 2500.0W available (includes 1000W probing margin)
2025-11-15 14:12:39,730 - BatteryCalculator - INFO - Battery discharge -0.0W below target at SOC 96.0% - probing: 2500.0W available (includes 1000W probing margin)
2025-11-15 14:12:39,730 - BatteryCalculator - INFO - Battery discharge -0.0W below target at SOC 96.0% - probing: 2500.0W available (includes 1000W probing margin)
2025-11-15 14:12:39,730 - app.main - INFO - Auto mode: current=6.0A, target=10.869565217391305A
2025-11-15 14:12:39,730 - BatteryCalculator - INFO - Battery discharge -0.0W below target at SOC 96.0% - probing: 2500.0W available (includes 1000W probing margin)
2025-11-15 14:12:39,730 - BatteryCalculator - INFO - Battery discharge -0.0W below target at SOC 96.0% - probing: 2500.0W available (includes 1000W probing margin)
2025-11-15 14:12:39,730 - BatteryCalculator - INFO - Battery discharge -0.0W below target at SOC 96.0% - probing: 2500.0W available (includes 1000W probing margin)
2025-11-15 14:12:39,730 - BatteryCalculator - INFO - Battery discharge -0.0W below target at SOC 96.0% - probing: 2500.0W available (includes 1000W probing margin)
2025-11-15 14:12:39,731 - app.main - INFO - Auto mode: current=6.0A, target=10.869565217391305A
2025-11-15 14:12:39,731 - BatteryCalculator - INFO - Battery discharge -0.0W below target at SOC 96.0% - probing: 2500.0W available (includes 1000W probing margin)
2025-11-15 14:12:39,731 - BatteryCalculator - INFO - Battery discharge -0.0W below target at SOC 96.0% - probing: 2500.0W available (includes 1000W probing margin)
2025-11-15 14:12:39,731 - BatteryCalculator - INFO - Battery discharge -0.0W below target at SOC 96.0% - probing: 2500.0W available (includes 1000W probing margin)
2025-11-15 14:12:39,731 - BatteryCalculator - INFO - Battery discharge -0.0W below target at SOC 96.0% - probing: 2500.0W available (includes 1000W probing margin)
2025-11-15 14:12:39,731 - app.main - INFO - Auto mode: current=6.0A, target=10.869565217391305A
2025-11-15 14:12:39,731 - BatteryCalculator - INFO - Battery discharge -0.0W below target at SOC 96.0% - probing: 2500.0W available (includes 1000W probing margin)
2025-11-15 14:12:39,731 - BatteryCalculator - INFO - Battery discharge -0.0W below target at SOC 96.0% - probing: 2500.0W available (includes 1000W probing margin)
2025-11-15 14:12:39,731 - BatteryCalculator - INFO - Battery discharge -0.0W below target at SOC 96.0% - probing: 2500.0W available (includes 1000W probing margin)
2025-11-15 14:12:39,731 - BatteryCalculator - INFO - Battery discharge -0.0W below target at SOC 96.0% - probing: 2500.0W available (includes 1000W probing margin)
2025-11-15 14:12:39,731 - app.main - INFO - Auto mode: current=6.0A, target=10.869565217391305A
2025-11-15 14:12:39,731 - BatteryCalculator - INFO - Battery discharge -0.0W below target at SOC 96.0% - probing: 2500.0W available (includes 1000W probing margin)
2025-11-15 14:12:39,731 - BatteryCalculator - INFO - Battery discharge -0.0W below target at SOC 96.0% - probing: 2500.0W available (includes 1000W probing margin)
2025-11-15 14:12:39,731 - BatteryCalculator - INFO - Battery discharge -0.0W below target at SOC 96.0% - probing: 2500.0W available (includes 1000W probing margin)
2025-11-15 14:12:39,731 - BatteryCalculator - INFO - Battery discharge -0.0W below target at SOC 96.0% - probing: 2500.0W available (includes 1000W probing margin)
2025-11-15 14:12:39,731 - app.main - INFO - Auto mode: current=6.0A, target=10.869565217391305A
2025-11-15 14:12:39,731 - BatteryCalculator - INFO - Battery discharge -0.0W below target at SOC 96.0% - probing: 2500.0W available (includes 1000W probing margin)
2025-11-15 14:12:39,731 - BatteryCalculator - INFO - Battery discharge -0.0W below target at SOC 96.0% - probing: 2500.0W available (includes 1000W probing margin)
2025-11-15 14:12:39,731 - BatteryCalculator - INFO - Battery discharge -0.0W below target at SOC 96.0% - probing: 2500.0W available (includes 1000W probing margin)
2025-11-15 14:12:39,731 - BatteryCalculator - INFO - Battery discharge -0.0W below target at SOC 96.0% - probing: 2500.0W available (includes 1000W probing margin)
2025-11-15 14:12:39,731 - app.main - INFO - Auto mode: current=6.0A, target=10.869565217391305A
2025-11-15 14:12:39,731 - BatteryCalculator - INFO - Battery discharge -0.0W below target at SOC 96.0% - probing: 2500.0W available (includes 1000W probing margin)
2025-11-15 14:12:39,731 - BatteryCalculator - INFO - Battery discharge -0.0W below target at SOC 96.0% - probing: 2500.0W available (includes 1000W probing margin)
2025-11-15 14:12:39,731 - BatteryCalculator - INFO - Battery discharge -0.0W below target at SOC 96.0% - probing: 2500.0W available (includes 1000W probing margin)
2025-11-15 14:12:39,731 - BatteryCalculator - INFO - Battery discharge -0.0W below target at SOC 96.0% - probing: 2500.0W available (includes 1000W probing margin)
2025-11-15 14:12:39,731 - app.main - INFO - Auto mode: current=6.0A, target=10.869565217391305A
2025-11-15 14:12:39,731 - BatteryCalculator - INFO - Battery discharge -0.0W below target at SOC 96.0% - probing: 2500.0W available (includes 1000W probing margin)
2025-11-15 14:12:39,731 - BatteryCalculator - INFO - Battery discharge -0.0W below target at SOC 96.0% - probing: 2500.0W available (includes 1000W probing margin)
2025-11-15 14:12:39,731 - BatteryCalculator - INFO - Battery discharge -0.0W below target at SOC 96.0% - probing: 2500.0W available (includes 1000W probing margin)
2025-11-15 14:12:39,731 - BatteryCalculator - INFO - Battery discharge -0.0W below target at SOC 96.0% - probing: 2500.0W available (includes 1000W probing margin)
2025-11-15 14:12:39,731 - app.main - INFO - Auto mode: current=6.0A, target=10.869565217391305A
2025-11-15 14:12:39,732 - BatteryCalculator - INFO - Battery discharge -0.0W below target at SOC 96.0% - probing: 2500.0W available (includes 1000W probing margin)
2025-11-15 14:12:39,732 - BatteryCalculator - INFO - Battery discharge -0.0W below target at SOC 96.0% - probing: 2500.0W available (includes 1000W probing margin)
2025-11-15 14:12:39,732 - BatteryCalculator - INFO - Battery discharge -0.0W below target at SOC 96.0% - probing: 2500.0W available (includes 1000W probing margin)
2025-11-15 14:12:39,732 - BatteryCalculator - INFO - Battery discharge -0.0W below target at SOC 96.0% - probing: 2500.0W available (includes 1000W probing margin)
2025-11-15 14:12:39,732 - app.main - INFO - Auto mode: current=6.0A, target=10.869565217391305A
2025-11-15 14:12:39,732 - BatteryCalculator - INFO - Battery discharge -0.0W below target at SOC 96.0% - probing: 2500.0W available (includes 1000W probing margin)
2025-11-15 14:12:39,732 - BatteryCalculator - INFO - Battery discharge -0.0W below target at SOC 96.0% - probing: 2500.0W available (includes 1000W probing margin)
2025-11-15 14:12:39,732 - BatteryCalculator - INFO - Battery discharge -0.0W below target at SOC 96.0% - probing: 2500.0W available (includes 1000W probing margin)
2025-11-15 14:12:39,732 - BatteryCalculator - INFO - Battery discharge -0.0W below target at SOC 96.0% - probing: 2500.0W available (includes 1000W probing margin)
2025-11-15 14:12:39,732 - app.main - INFO - Auto mode: current=6.0A, target=10.869565217391305A
2025-11-15 14:12:39,732 - BatteryCalculator - INFO - Battery discharge -0.0W below target at SOC 96.0% - probing: 2500.0W available (includes 1000W probing margin)
2025-11-15 14:12:39,732 - BatteryCalculator - INFO - Battery discharge -0.0W below target at SOC 96.0% - probing: 2500.0W available (includes 1000W probing margin)
2025-11-15 14:12:39,732 - BatteryCalculator - INFO - Battery discharge -0.0W below target at SOC 96.0% - probing: 2500.0W available (includes 1000W probing margin)
2025-11-15 14:12:39,732 - BatteryCalculator - INFO - Battery discharge -0.0W below target at SOC 96.0% - probing: 2500.0W available (includes 1000W probing margin)
2025-11-15 14:12:39,732 - app.main - INFO - Auto mode: current=6.0A, target=10.869565217391305A
2025-11-15 14:12:39,732 - BatteryCalculator - INFO - Battery discharge -0.0W below target at SOC 96.0% - probing: 2500.0W available (includes 1000W probing margin)
2025-11-15 14:12:39,732 - BatteryCalculator - INFO - Battery discharge -0.0W below target at SOC 96.0% - probing: 2500.0W available (includes 1000W probing margin)
2025-11-15 14:12:39,732 - BatteryCalculator - INFO - Battery discharge -0.0W below target at SOC 96.0% - probing: 2500.0W available (includes 1000W probing margin)
2025-11-15 14:12:39,732 - BatteryCalculator - INFO - Battery discharge -0.0W below target at SOC 96.0% - probing: 2500.0W available (includes 1000W probing margin)
2025-11-15 14:12:39,732 - app.main - INFO - Auto mode: current=6.0A, target=10.869565217391305A
2025-11-15 14:12:39,732 - BatteryCalculator - INFO - Battery discharge -0.0W below target at SOC 96.0% - probing: 2500.0W available (includes 1000W probing margin)
2025-11-15 14:12:39,732 - BatteryCalculator - INFO - Battery discharge -0.0W below target at SOC 96.0% - probing: 2500.0W available (includes 1000W probing margin)
2025-11-15 14:12:39,732 - BatteryCalculator - INFO - Battery discharge -0.0W below target at SOC 96.0% - probing: 2500.0W available (includes 1000W probing margin)
2025-11-15 14:12:39,732 - BatteryCalculator - INFO - Battery discharge -0.0W below target at SOC 96.0% - probing: 2500.0W available (includes 1000W probing margin)
2025-11-15 14:12:39,732 - app.main - INFO - Auto mode: current=6.0A, target=10.869565217391305A
2025-11-15 14:12:39,732 - BatteryCalculator - INFO - Battery discharge -0.0W below target at SOC 96.0% - probing: 2500.0W available (includes 1000W probing margin)
2025-11-15 14:12:39,732 - BatteryCalculator - INFO - Battery discharge -0.0W below target at SOC 96.0% - probing: 2500.0W available (includes 1000W probing margin)
2025-11-15 14:12:39,733 - BatteryCalculator - INFO - Battery discharge -0.0W below target at SOC 96.0% - probing: 2500.0W available (includes 1000W probing margin)
2025-11-15 14:12:39,733 - BatteryCalculator - INFO - Battery discharge -0.0W below target at SOC 96.0% - probing: 2500.0W available (includes 1000W probing margin)
2025-11-15 14:12:39,733 - app.main - INFO - Auto mode: current=6.0A, target=10.869565217391305A
2025-11-15 14:12:39,733 - BatteryCalculator - INFO - Battery discharge -0.0W below target at SOC 96.0% - probing: 2500.0W available (includes 1000W probing margin)
2025-11-15 14:12:39,733 - BatteryCalculator - INFO - Battery discharge -0.0W below target at SOC 96.0% - probing: 2500.0W available (includes 1000W probing margin)
2025-11-15 14:12:39,733 - BatteryCalculator - INFO - Battery discharge -0.0W below target at SOC 96.0% - probing: 2500.0W available (includes 1000W probing margin)
2025-11-15 14:12:39,733 - BatteryCalculator - INFO - Battery discharge -0.0W below target at SOC 96.0% - probing: 2500.0W available (includes 1000W probing margin)
2025-11-15 14:12:39,733 - app.main - INFO - Auto mode: current=6.0A, target=10.869565217391305A
2025-11-15 14:12:39,733 - BatteryCalculator - INFO - Battery discharge -0.0W below target at SOC 96.0% - probing: 2500.0W available (includes 1000W probing margin)
2025-11-15 14:12:39,733 - BatteryCalculator - INFO - Battery discharge -0.0W below target at SOC 96.0% - probing: 2500.0W available (includes 1000W probing margin)
2025-11-15 14:12:39,733 - BatteryCalculator - INFO - Battery discharge -0.0W below target at SOC 96.0% - probing: 2500.0W available (includes 1000W probing margin)
2025-11-15 14:12:39,733 - BatteryCalculator - INFO - Battery discharge -0.0W below target at SOC 96.0% - probing: 2500.0W available (includes 1000W probing margin)
2025-11-15 14:12:39,733 - app.main - INFO - Auto mode: current=6.0A, target=10.869565217391305A
2025-11-15 14:12:39,733 - BatteryCalculator - INFO - Battery discharge -0.0W below target at SOC 96.0% - probing: 2500.0W available (includes 1000W probing margin)
2025-11-15 14:12:39,733 - BatteryCalculator - INFO - Battery discharge -0.0W below target at SOC 96.0% - probing: 2500.0W available (includes 1000W probing margin)
2025-11-15 14:12:39,733 - BatteryCalculator - INFO - Battery discharge -0.0W below target at SOC 96.0% - probing: 2500.0W available (includes 1000W probing margin)
2025-11-15 14:12:39,733 - BatteryCalculator - INFO - Battery discharge -0.0W below target at SOC 96.0% - probing: 2500.0W available (includes 1000W probing margin)
2025-11-15 14:12:39,733 - app.main - INFO - Auto mode: current=6.0A, target=10.869565217391305A
2025-11-15 14:12:39,733 - BatteryCalculator - INFO - Battery discharge -0.0W below target at SOC 96.0% - probing: 2500.0W available (includes 1000W probing margin)
2025-11-15 14:12:39,734 - BatteryCalculator - INFO - Battery discharge -0.0W below target at SOC 96.0% - probing: 2500.0W available (includes 1000W probing margin)
2025-11-15 14:12:39,734 - BatteryCalculator - INFO - Battery discharge -0.0W below target at SOC 96.0% - probing: 2500.0W available (includes 1000W probing margin)
2025-11-15 14:12:39,734 - BatteryCalculator - INFO - Battery discharge -0.0W below target at SOC 96.0% - probing: 2500.0W available (includes 1000W probing margin)
2025-11-15 14:12:39,734 - app.main - INFO - Auto mode: current=6.0A, target=10.869565217391305A
2025-11-15 14:12:39,734 - BatteryCalculator - INFO - Battery discharge -0.0W below target at SOC 96.0% - probing: 2500.0W available (includes 1000W probing margin)
2025-11-15 14:12:39,734 - BatteryCalculator - INFO - Battery discharge -0.0W below target at SOC 96.0% - probing: 2500.0W available (includes 1000W probing margin)
2025-11-15 14:12:39,734 - BatteryCalculator - INFO - Battery discharge -0.0W below target at SOC 96.0% - probing: 2500.0W available (includes 1000W probing margin)
2025-11-15 14:12:39,734 - BatteryCalculator - INFO - Battery discharge -0.0W below target at SOC 96.0% - probing: 2500.0W available (includes 1000W probing margin)
2025-11-15 14:12:39,734 - app.main - INFO - Auto mode: current=6.0A, target=10.869565217391305A
2025-11-15 14:12:39,734 - BatteryCalculator - INFO - Battery discharge -0.0W below target at SOC 96.0% - probing: 2500.0W available (includes 1000W probing margin)
2025-11-15 14:12:39,734 - BatteryCalculator - INFO - Battery discharge -0.0W below target at SOC 96.0% - probing: 2500.0W available (includes 1000W probing margin)
2025-11-15 14:12:39,734 - BatteryCalculator - INFO - Battery discharge -0.0W below target at SOC 96.0% - probing: 2500.0W available (includes 1000W probing margin)
2025-11-15 14:12:39,734 - BatteryCalculator - INFO - Battery discharge -0.0W below target at SOC 96.0% - probing: 2500.0W available (includes 1000W probing margin)
2025-11-15 14:12:39,734 - app.main - INFO - Auto mode: current=6.0A, target=10.869565217391305A
2025-11-15 14:12:39,734 - BatteryCalculator - INFO - Battery discharge -0.0W below target at SOC 96.0% - probing: 2500.0W available (includes 1000W probing margin)
2025-11-15 14:12:39,734 - BatteryCalculator - INFO - Battery discharge -0.0W below target at SOC 96.0% - probing: 2500.0W available (includes 1000W probing margin)
2025-11-15 14:12:39,734 - BatteryCalculator - INFO - Battery discharge -0.0W below target at SOC 96.0% - probing: 2500.0W available (includes 1000W probing margin)
2025-11-15 14:12:39,734 - BatteryCalculator - INFO - Battery discharge -0.0W below target at SOC 96.0% - probing: 2500.0W available (includes 1000W probing margin)
2025-11-15 14:12:39,734 - app.main - INFO - Auto mode: current=6.0A, target=10.869565217391305A
2025-11-15 14:12:39,734 - BatteryCalculator - INFO - Battery discharge -0.0W below target at SOC 96.0% - probing: 2500.0W available (includes 1000W probing margin)
2025-11-15 14:12:39,734 - BatteryCalculator - INFO - Battery discharge -0.0W below target at SOC 96.0% - probing: 2500.0W available (includes 1000W probing margin)
2025-11-15 14:12:39,734 - BatteryCalculator - INFO - Battery discharge -0.0W below target at SOC 96.0% - probing: 2500.0W available (includes 1000W probing margin)
2025-11-15 14:12:39,734 - BatteryCalculator - INFO - Battery discharge -0.0W below target at SOC 96.0% - probing: 2500.0W available (includes 1000W probing margin)
2025-11-15 14:12:39,734 - app.main - INFO - Auto mode: current=6.0A, target=10.869565217391305A
2025-11-15 14:12:39,734 - BatteryCalculator - INFO - Battery discharge -0.0W below target at SOC 96.0% - probing: 2500.0W available (includes 1000W probing margin)
2025-11-15 14:12:39,734 - BatteryCalculator - INFO - Battery discharge -0.0W below target at SOC 96.0% - probing: 2500.0W available (includes 1000W probing margin)
2025-11-15 14:12:39,735 - BatteryCalculator - INFO - Battery discharge -0.0W below target at SOC 96.0% - probing: 2500.0W available (includes 1000W probing margin)
2025-11-15 14:12:39,735 - BatteryCalculator - INFO - Battery discharge -0.0W below target at SOC 96.0% - probing: 2500.0W available (includes 1000W probing margin)
2025-11-15 14:12:39,735 - app.main - INFO - Auto mode: current=6.0A, target=10.869565217391305A
2025-11-15 14:12:39,735 - BatteryCalculator - INFO - Battery discharge -0.0W below target at SOC 96.0% - probing: 2500.0W available (includes 1000W probing margin)
2025-11-15 14:12:39,735 - BatteryCalculator - INFO - Battery discharge -0.0W below target at SOC 96.0% - probing: 2500.0W available (includes 1000W probing margin)
2025-11-15 14:12:39,735 - BatteryCalculator - INFO - Battery discharge -0.0W below target at SOC 96.0% - probing: 2500.0W available (includes 1000W probing margin)
2025-11-15 14:12:39,735 - BatteryCalculator - INFO - Battery discharge -0.0W below target at SOC 96.0% - probing: 2500.0W available (includes 1000W probing margin)
2025-11-15 14:12:39,735 - app.main - INFO - Auto mode: current=6.0A, target=10.869565217391305A
2025-11-15 14:12:39,735 - BatteryCalculator - INFO - Battery discharge -0.0W below target at SOC 96.0% - probing: 2500.0W available (includes 1000W probing margin)
2025-11-15 14:12:39,735 - BatteryCalculator - INFO - Battery discharge -0.0W below target at SOC 96.0% - probing: 2500.0W available (includes 1000W probing margin)
2025-11-15 14:12:39,735 - BatteryCalculator - INFO - Battery discharge -0.0W below target at SOC 96.0% - probing: 2500.0W available (includes 1000W probing margin)
2025-11-15 14:12:39,735 - BatteryCalculator - INFO - Battery discharge -0.0W below target at SOC 96.0% - probing: 2500.0W available (includes 1000W probing margin)
2025-11-15 14:12:39,735 - app.main - INFO - Auto mode: current=6.0A, target=10.869565217391305A
2025-11-15 14:12:39,735 - BatteryCalculator - INFO - Battery discharge -0.0W below target at SOC 96.0% - probing: 2500.0W available (includes 1000W probing margin)
2025-11-15 14:12:39,735 - BatteryCalculator - INFO - Battery discharge -0.0W below target at SOC 96.0% - probing: 2500.0W available (includes 1000W probing margin)
2025-11-15 14:12:39,735 - BatteryCalculator - INFO - Battery discharge -0.0W below target at SOC 96.0% - probing: 2500.0W available (includes 1000W probing margin)
2025-11-15 14:12:39,735 - BatteryCalculator - INFO - Battery discharge -0.0W below target at SOC 96.0% - probing: 2500.0W available (includes 1000W probing margin)
2025-11-15 14:12:39,735 - app.main - INFO - Auto mode: current=6.0A, target=10.869565217391305A
2025-11-15 14:12:39,735 - BatteryCalculator - INFO - Battery discharge -0.0W below target at SOC 96.0% - probing: 2500.0W available (includes 1000W probing margin)
2025-11-15 14:12:39,735 - BatteryCalculator - INFO - Battery discharge -0.0W below target at SOC 96.0% - probing: 2500.0W available (includes 1000W probing margin)
2025-11-15 14:12:39,735 - BatteryCalculator - INFO - Battery discharge -0.0W below target at SOC 96.0% - probing: 2500.0W available (includes 1000W probing margin)
2025-11-15 14:12:39,735 - BatteryCalculator - INFO - Battery discharge -0.0W below target at SOC 96.0% - probing: 2500.0W available (includes 1000W probing margin)
2025-11-15 14:12:39,735 - app.main - INFO - Auto mode: current=6.0A, target=10.869565217391305A
2025-11-15 14:12:39,735 - BatteryCalculator - INFO - Battery discharge -0.0W below target at SOC 96.0% - probing: 2500.0W available (includes 1000W probing margin)
2025-11-15 14:12:39,735 - BatteryCalculator - INFO - Battery discharge -0.0W below target at SOC 96.0% - probing: 2500.0W available (includes 1000W probing margin)
2025-11-15 14:12:39,735 - BatteryCalculator - INFO - Battery discharge -0.0W below target at SOC 96.0% - probing: 2500.0W available (includes 1000W probing margin)
2025-11-15 14:12:39,736 - BatteryCalculator - INFO - Battery discharge -0.0W below target at SOC 96.0% - probing: 2500.0W available (includes 1000W probing margin)
2025-11-15 14:12:39,736 - app.main - INFO - Auto mode: current=6.0A, target=10.869565217391305A
2025-11-15 14:12:39,736 - BatteryCalculator - INFO - Battery discharge -0.0W below target at SOC 96.0% - probing: 2500.0W available (includes 1000W probing margin)
2025-11-15 14:12:39,736 - BatteryCalculator - INFO - Battery discharge -0.0W below target at SOC 96.0% - probing: 2500.0W available (includes 1000W probing margin)
2025-11-15 14:12:39,736 - BatteryCalculator - INFO - Battery discharge -0.0W below target at SOC 96.0% - probing: 2500.0W available (includes 1000W probing margin)
2025-11-15 14:12:39,736 - BatteryCalculator - INFO - Battery discharge -0.0W below target at SOC 96.0% - probing: 2500.0W available (includes 1000W probing margin)
2025-11-15 14:12:39,736 - app.main - INFO - Auto mode: current=6.0A, target=10.869565217391305A
2025-11-15 14:12:39,736 - BatteryCalculator - INFO - Battery discharge -0.0W below target at SOC 96.0% - probing: 2500.0W available (includes 1000W probing margin)
2025-11-15 14:12:39,736 - BatteryCalculator - INFO - Battery discharge -0.0W below target at SOC 96.0% - probing: 2500.0W available (includes 1000W probing margin)
2025-11-15 14:12:39,736 - BatteryCalculator - INFO - Battery discharge -0.0W below target at SOC 96.0% - probing: 2500.0W available (includes 1000W probing margin)
2025-11-15 14:12:39,736 - BatteryCalculator - INFO - Battery discharge -0.0W below target at SOC 96.0% - probing: 2500.0W available (includes 1000W probing margin)
2025-11-15 14:12:39,736 - app.main - INFO - Auto mode: current=6.0A, target=10.869565217391305A
2025-11-15 14:12:39,736 - BatteryCalculator - INFO - Battery discharge -0.0W below target at SOC 96.0% - probing: 2500.0W available (includes 1000W probing margin)
2025-11-15 14:12:39,736 - BatteryCalculator - INFO - Battery discharge -0.0W below target at SOC 96.0% - probing: 2500.0W available (includes 1000W probing margin)
2025-11-15 14:12:39,736 - BatteryCalculator - INFO - Battery discharge -0.0W below target at SOC 96.0% - probing: 2500.0W available (includes 1000W probing margin)
2025-11-15 14:12:39,736 - BatteryCalculator - INFO - Battery discharge -0.0W below target at SOC 96.0% - probing: 2500.0W available (includes 1000W probing margin)
2025-11-15 14:12:39,736 - app.main - INFO - Auto mode: current=6.0A, target=10.869565217391305A
2025-11-15 14:12:39,736 - BatteryCalculator - INFO - Battery discharge -0.0W below target at SOC 96.0% - probing: 2500.0W available (includes 1000W probing margin)
2025-11-15 14:12:39,736 - BatteryCalculator - INFO - Battery discharge -0.0W below target at SOC 96.0% - probing: 2500.0W available (includes 1000W probing margin)
2025-11-15 14:12:39,736 - BatteryCalculator - INFO - Battery discharge -0.0W below target at SOC 96.0% - probing: 2500.0W available (includes 1000W probing margin)
2025-11-15 14:12:39,736 - BatteryCalculator - INFO - Battery discharge -0.0W below target at SOC 96.0% - probing: 2500.0W available (includes 1000W probing margin)
2025-11-15 14:12:39,736 - app.main - INFO - Auto mode: current=6.0A, target=10.869565217391305A
2025-11-15 14:12:39,736 - BatteryCalculator - INFO - Battery discharge -0.0W below target at SOC 96.0% - probing: 2500.0W available (includes 1000W probing margin)
2025-11-15 14:12:39,736 - BatteryCalculator - INFO - Battery discharge -0.0W below target at SOC 96.0% - probing: 2500.0W available (includes 1000W probing margin)
2025-11-15 14:12:39,736 - BatteryCalculator - INFO - Battery discharge -0.0W below target at SOC 96.0% - probing: 2500.0W available (includes 1000W probing margin)
2025-11-15 14:12:39,736 - BatteryCalculator - INFO - Battery discharge -0.0W below target at SOC 96.0% - probing: 2500.0W available (includes 1000W probing margin)
2025-11-15 14:12:39,736 - app.main - INFO - Auto mode: current=6.0A, target=10.869565217391305A
2025-11-15 14:12:39,736 - BatteryCalculator - INFO - Battery discharge -0.0W below target at SOC 96.0% - probing: 2500.0W available (includes 1000W probing margin)
2025-11-15 14:12:39,736 - BatteryCalculator - INFO - Battery discharge -0.0W below target at SOC 96.0% - probing: 2500.0W available (includes 1000W probing margin)
2025-11-15 14:12:39,737 - BatteryCalculator - INFO - Battery discharge -0.0W below target at SOC 96.0% - probing: 2500.0W available (includes 1000W probing margin)
2025-11-15 14:12:39,737 - BatteryCalculator - INFO - Battery discharge -0.0W below target at SOC 96.0% - probing: 2500.0W available (includes 1000W probing margin)
2025-11-15 14:12:39,737 - app.main - INFO - Auto mode: current=6.0A, target=10.869565217391305A
2025-11-15 14:12:39,737 - BatteryCalculator - INFO - Battery discharge -0.0W below target at SOC 96.0% - probing: 2500.0W available (includes 1000W probing margin)
2025-11-15 14:12:39,737 - BatteryCalculator - INFO - Battery discharge -0.0W below target at SOC 96.0% - probing: 2500.0W available (includes 1000W probing margin)
2025-11-15 14:12:39,737 - BatteryCalculator - INFO - Battery discharge -0.0W below target at SOC 96.0% - probing: 2500.0W available (includes 1000W probing margin)
2025-11-15 14:12:39,737 - BatteryCalculator - INFO - Battery discharge -0.0W below target at SOC 96.0% - probing: 2500.0W available (includes 1000W probing margin)
2025-11-15 14:12:39,737 - app.main - INFO - Auto mode: current=6.0A, target=10.869565217391305A
2025-11-15 14:12:39,737 - BatteryCalculator - INFO - Battery discharge -0.0W below target at SOC 96.0% - probing: 2500.0W available (includes 1000W probing margin)
2025-11-15 14:12:39,737 - BatteryCalculator - INFO - Battery discharge -0.0W below target at SOC 96.0% - probing: 2500.0W available (includes 1000W probing margin)
2025-11-15 14:12:39,737 - BatteryCalculator - INFO - Battery discharge -0.0W below target at SOC 96.0% - probing: 2500.0W available (includes 1000W probing margin)
2025-11-15 14:12:39,737 - BatteryCalculator - INFO - Battery discharge -0.0W below target at SOC 96.0% - probing: 2500.0W available (includes 1000W probing margin)
2025-11-15 14:12:39,737 - app.main - INFO - Auto mode: current=6.0A, target=10.869565217391305A
2025-11-15 14:12:39,737 - BatteryCalculator - INFO - Battery discharge -0.0W below target at SOC 96.0% - probing: 2500.0W available (includes 1000W probing margin)
2025-11-15 14:12:39,737 - BatteryCalculator - INFO - Battery discharge -0.0W below target at SOC 96.0% - probing: 2500.0W available (includes 1000W probing margin)
2025-11-15 14:12:39,737 - BatteryCalculator - INFO - Battery discharge -0.0W below target at SOC 96.0% - probing: 2500.0W available (includes 1000W probing margin)
2025-11-15 14:12:39,737 - BatteryCalculator - INFO - Battery discharge -0.0W below target at SOC 96.0% - probing: 2500.0W available (includes 1000W probing margin)
2025-11-15 14:12:39,737 - app.main - INFO - Auto mode: current=6.0A, target=10.869565217391305A
2025-11-15 14:12:39,737 - BatteryCalculator - INFO - Battery discharge -0.0W below target at SOC 96.0% - probing: 2500.0W available (includes 1000W probing margin)
2025-11-15 14:12:39,737 - BatteryCalculator - INFO - Battery discharge -0.0W below target at SOC 96.0% - probing: 2500.0W available (includes 1000W probing margin)
2025-11-15 14:12:39,737 - BatteryCalculator - INFO - Battery discharge -0.0W below target at SOC 96.0% - probing: 2500.0W available (includes 1000W probing margin)
2025-11-15 14:12:39,737 - BatteryCalculator - INFO - Battery discharge -0.0W below target at SOC 96.0% - probing: 2500.0W available (includes 1000W probing margin)
2025-11-15 14:12:39,737 - app.main - INFO - Auto mode: current=6.0A, target=10.869565217391305A
2025-11-15 14:12:39,737 - BatteryCalculator - INFO - Battery discharge -0.0W below target at SOC 96.0% - probing: 2500.0W available (includes 1000W probing margin)
2025-11-15 14:12:39,737 - BatteryCalculator - INFO - Battery discharge -0.0W below target at SOC 96.0% - probing: 2500.0W available (includes 1000W probing margin)
2025-11-15 14:12:39,737 - BatteryCalculator - INFO - Battery discharge -0.0W below target at SOC 96.0% - probing: 2500.0W available (includes 1000W probing margin)
2025-11-15 14:12:39,737 - BatteryCalculator - INFO - Battery discharge -0.0W below target at SOC 96.0% - probing: 2500.0W available (includes 1000W probing margin)
2025-11-15 14:12:39,737 - app.main - INFO - Auto mode: current=6.0A, target=10.869565217391305A
2025-11-15 14:12:39,737 - BatteryCalculator - INFO - Battery discharge -0.0W below target at SOC 96.0% - probing: 2500.0W available (includes 1000W probing margin)
2025-11-15 14:12:39,738 - BatteryCalculator - INFO - Battery discharge -0.0W below target at SOC 96.0% - probing: 2500.0W available (includes 1000W probing margin)
2025-11-15 14:12:39,738 - BatteryCalculator - INFO - Battery discharge -0.0W below target at SOC 96.0% - probing: 2500.0W available (includes 1000W probing margin)
2025-11-15 14:12:39,738 - BatteryCalculator - INFO - Battery discharge -0.0W below target at SOC 96.0% - probing: 2500.0W available (includes 1000W probing margin)
2025-11-15 14:12:39,738 - app.main - INFO - Auto mode: current=6.0A, target=10.869565217391305A
2025-11-15 14:12:39,738 - BatteryCalculator - INFO - Battery discharge -0.0W below target at SOC 96.0% - probing: 2500.0W available (includes 1000W probing margin)
2025-11-15 14:12:39,738 - BatteryCalculator - INFO - Battery discharge -0.0W below target at SOC 96.0% - probing: 2500.0W available (includes 1000W probing margin)
2025-11-15 14:12:39,738 - BatteryCalculator - INFO - Battery discharge -0.0W below target at SOC 96.0% - probing: 2500.0W available (includes 1000W probing margin)
2025-11-15 14:12:39,738 - BatteryCalculator - INFO - Battery discharge -0.0W below target at SOC 96.0% - probing: 2500.0W available (includes 1000W probing margin)
2025-11-15 14:12:39,738 - app.main - INFO - Auto mode: current=6.0A, target=10.869565217391305A
2025-11-15 14:12:39,738 - BatteryCalculator - INFO - Battery discharge -0.0W below target at SOC 96.0% - probing: 2500.0W available (includes 1000W probing margin)
2025-11-15 14:12:39,738 - BatteryCalculator - INFO - Battery discharge -0.0W below target at SOC 96.0% - probing: 2500.0W available (includes 1000W probing margin)
2025-11-15 14:12:39,738 - BatteryCalculator - INFO - Battery discharge -0.0W below target at SOC 96.0% - probing: 2500.0W available (includes 1000W probing margin)
2025-11-15 14:12:39,738 - BatteryCalculator - INFO - Battery discharge -0.0W below target at SOC 96.0% - probing: 2500.0W available (includes 1000W probing margin)
2025-11-15 14:12:39,738 - app.main - INFO - Auto mode: current=6.0A, target=10.869565217391305A
2025-11-15 14:12:39,738 - BatteryCalculator - INFO - Battery discharge -0.0W below target at SOC 96.0% - probing: 2500.0W available (includes 1000W probing margin)
2025-11-15 14:12:39,738 - BatteryCalculator - INFO - Battery discharge -0.0W below target at SOC 96.0% - probing: 2500.0W available (includes 1000W probing margin)
2025-11-15 14:12:39,738 - BatteryCalculator - INFO - Battery discharge -0.0W below target at SOC 96.0% - probing: 2500.0W available (includes 1000W probing margin)
2025-11-15 14:12:39,739 - BatteryCalculator - INFO - Battery discharge -0.0W below target at SOC 96.0% - probing: 2500.0W available (includes 1000W probing margin)
2025-11-15 14:12:39,739 - app.main - INFO - Auto mode: current=6.0A, target=10.869565217391305A
2025-11-15 14:12:39,741 - BatteryCalculator - INFO - Battery discharge -0.0W below target at SOC 96.0% - probing: 2500.0W available (includes 1000W probing margin)
2025-11-15 14:12:39,741 - BatteryCalculator - INFO - Battery discharge -0.0W below target at SOC 96.0% - probing: 2500.0W available (includes 1000W probing margin)
2025-11-15 14:12:39,742 - BatteryCalculator - INFO - Battery discharge -0.0W below target at SOC 96.0% - probing: 2500.0W available (includes 1000W probing margin)
2025-11-15 14:12:39,742 - BatteryCalculator - INFO - Battery discharge -0.0W below target at SOC 96.0% - probing: 2500.0W available (includes 1000W probing margin)
2025-11-15 14:12:39,742 - app.main - INFO - Auto mode: current=6.0A, target=10.869565217391305A
